# Jōzō 揪作許願池 — 開發日誌
日期：2026-06-24
專案路徑：D:\vibecoding\wishpool-app
GitHub：https://github.com/resad1983/-jozo-wishpool
正式網址：https://resad-secondbrain.zeabur.app

---

## 本日完成項目

### 分類顏色系統（動態化）

原本分類顏色硬寫在 `lib/types.ts`，新增分類後無法從後台設定顏色。本次改為從資料庫驅動。

#### 資料庫變更

- `categories` 資料表新增 `color TEXT DEFAULT 'orange'` 欄位
- 更新五個既有分類的顏色對應：
  - event → orange
  - collab → purple
  - media → teal
  - space → green
  - research → pink

#### 色票系統（COLOR_PALETTE）

新增 8 個預設色票，每種顏色包含：
- `label`：中文名稱
- `swatch`：飽和色（用於篩選 tab 選中狀態）
- `bg / text`：淺色模式 badge 用色
- `darkBg / darkText`：深色模式 badge 用色

顏色：橘色 / 紫色 / 藍綠 / 綠色 / 粉紅 / 藍色 / 黃色 / 紅色

#### 程式碼變更

| 檔案 | 變更說明 |
|------|----------|
| `lib/types.ts` | 移除 CATEGORY_LABELS / CATEGORY_COLORS，改為 COLOR_PALETTE；新增 Category 介面；Wish 介面新增 category_name / category_color |
| `lib/validations.ts` | category 從 z.enum 改為 z.string（支援動態新增分類） |
| `components/CategoryBadge.tsx` | props 從 `category: WishCategory` 改為 `name: string, color: string` |
| `components/CategoryFilter.tsx` | 從 `/api/categories` 動態讀取分類；未選中 tab 顯示淡色；選中 tab 顯示飽和色（深色模式自動切換） |
| `components/WishCard.tsx` | CategoryBadge 改傳 category_name / category_color |
| `app/api/categories/route.ts` | 新增公開分類 API |
| `app/api/wishes/route.ts` | JOIN categories 取得 category_name / category_color |
| `app/api/wishes/[id]/route.ts` | 同上 |
| `app/api/admin/categories/route.ts` | POST 新增 color 欄位 |
| `app/api/admin/categories/[id]/route.ts` | PATCH 更新 color 欄位 |
| `app/admin/dashboard/tabs/AdminCategories.tsx` | 新增色票選擇器（ColorPicker）；列表顯示彩色 badge + 色點 |
| `app/wish/[id]/page.tsx` | CategoryBadge 改傳新 props |
| `app/wish/new/page.tsx` | 分類下拉選單改從 `/api/categories` 動態載入 |

#### 分類篩選 Tab 行為

- 首頁「全部」選中 → 各分類 tab 顯示各自淡色（bg + text）
- 點選某分類 → 該 tab 變飽和色（swatch + 白字）
- 深色模式 → 自動切換為 darkBg / darkText

---

## Commit 紀錄

| Hash | 說明 |
|------|------|
| 85ad73f | fix: seed default categories and show colored badges in admin |
| a4742f5 | feat: dynamic category colors from database |
| 869e75b | feat: expand color palette from 8 to 16 colors（已 revert）|
| 040938f | revert: back to 8 colors |
| e244df2 | fix: use swatch color for active category tab |
| 958f1c8 | fix: category tab active color adapts to light/dark mode |
| 4f8d0c9 | feat: show category color on all tabs, not just selected |

---

## 已知限制（延續）

- 後台許願列表目前只顯示第一頁（12 筆）
- `is_urgent` 欄位於 Neon schema 尚未建立（urgent route 暫不啟用）
